<?xml version="1.0" encoding="utf-8"?><testsuites name="pytest tests"><testsuite name="pytest" errors="0" failures="0" skipped="0" tests="15" time="0.040" timestamp="2026-02-04T10:25:33.485975+03:00" hostname="spavlov"><testcase classname="tests.test_product_and_category" name="test_product_init" time="0.001" /><testcase classname="tests.test_product_and_category" name="test_category_init" time="0.000" /><testcase classname="tests.test_product_and_category" name="test_price_getter_returns_correct_value" time="0.000" /><testcase classname="tests.test_product_and_category" name="test_price_setter_sets_valid_price" time="0.000" /><testcase classname="tests.test_product_and_category" name="test_price_setter_does_not_set_negative_price" time="0.000" /><testcase classname="tests.test_product_and_category" name="test_product_str" time="0.000" /><testcase classname="tests.test_product_and_category" name="test_category_str" time="0.000" /><testcase classname="tests.test_product_and_category" name="test_product_add" time="0.001" /><testcase classname="tests.test_sub_product" name="test_smartphone_init" time="0.000" /><testcase classname="tests.test_sub_product" name="test_lawngrass_init" time="0.000" /><testcase classname="tests.test_sub_product" name="test_sub_product_add" time="0.000" /><testcase classname="tests.test_sub_product" name="test_sub_product_add_error" time="0.000" /><testcase classname="tests.test_utils" name="test_read_valid_json_file" time="0.007" /><testcase classname="tests.test_utils" name="test_file_not_found" time="0.000" /><testcase classname="tests.test_utils" name="test_invalid_json_format" time="0.002" /></testsuite></testsuites>